{"message":{"accepted":["xtrapowerindia@gmail.com"],"rejected":[],"envelopeTime":900,"messageTime":2558,"messageSize":80659,"response":"250 Message received","envelope":{"from":"awards@channelier.com","to":["xtrapowerindia@gmail.com"]},"messageId":"<13f6e971-9e28-0730-51ba-5dd3d61d7947@channelier.com>"},"level":"info","timestamp":"2021-05-13 21:13:46:1346"}
{"message":{"accepted":["xtrapowerindia@gmail.com"],"rejected":[],"envelopeTime":1070,"messageTime":1933,"messageSize":80659,"response":"250 Message received","envelope":{"from":"awards@channelier.com","to":["xtrapowerindia@gmail.com"]},"messageId":"<b84945ca-2814-9669-ee27-4a520097e618@channelier.com>"},"level":"info","timestamp":"2021-05-13 21:26:39:2639"}
{"message":{"accepted":["xtrapowerindia@gmail.com"],"rejected":[],"envelopeTime":814,"messageTime":4084,"messageSize":80659,"response":"250 Message received","envelope":{"from":"awards@channelier.com","to":["xtrapowerindia@gmail.com"]},"messageId":"<9889e970-1b09-0b8a-bfb2-374922d15830@channelier.com>"},"level":"info","timestamp":"2021-05-13 21:31:45:3145"}
{"message":{"accepted":["xtrapowerindia@gmail.com"],"rejected":[],"envelopeTime":948,"messageTime":3171,"messageSize":80659,"response":"250 Message received","envelope":{"from":"awards@channelier.com","to":["xtrapowerindia@gmail.com"]},"messageId":"<5839f080-a596-40fb-9800-8c3a4c8796f7@channelier.com>"},"level":"info","timestamp":"2021-05-13 21:41:46:4146"}
{"message":{"accepted":["xtrapowerindia@gmail.com"],"rejected":[],"envelopeTime":1115,"messageTime":3323,"messageSize":80659,"response":"250 Message received","envelope":{"from":"awards@channelier.com","to":["xtrapowerindia@gmail.com"]},"messageId":"<38bfff6d-b34a-0256-2106-ade746848d41@channelier.com>"},"level":"info","timestamp":"2021-05-13 21:43:35:4335"}
{"message":{"accepted":["hvk940@gmail.com"],"rejected":[],"envelopeTime":797,"messageTime":723,"messageSize":8303,"response":"250 Message received","envelope":{"from":"awards@channelier.com","to":["hvk940@gmail.com"]},"messageId":"<114d57e3-a80d-6cde-d032-fd09239de2be@channelier.com>"},"level":"info","timestamp":"2021-05-17 23:12:44:1244"}
{"message":{"accepted":["hvk940@gmail.com"],"rejected":[],"envelopeTime":845,"messageTime":2095,"messageSize":8273,"response":"250 Message received","envelope":{"from":"awards@channelier.com","to":["hvk940@gmail.com"]},"messageId":"<d2983e54-1e0c-8c64-58a7-7ee2baecc6d6@channelier.com>"},"level":"info","timestamp":"2021-05-20 17:21:03:213"}
{"message":{"accepted":["dixittarun81@gmail.com"],"rejected":[],"envelopeTime":812,"messageTime":630,"messageSize":8288,"response":"250 Message received","envelope":{"from":"awards@channelier.com","to":["dixittarun81@gmail.com"]},"messageId":"<51887c59-1600-23d6-eccf-eecddd93dc83@channelier.com>"},"level":"info","timestamp":"2021-05-27 12:05:18:518"}
{"message":{"accepted":["dixittarun81@gmail.com"],"rejected":[],"envelopeTime":805,"messageTime":813,"messageSize":8272,"response":"250 Message received","envelope":{"from":"awards@channelier.com","to":["dixittarun81@gmail.com"]},"messageId":"<1f274bea-cef5-d593-d2d3-2e9625dbc008@channelier.com>"},"level":"info","timestamp":"2021-06-07 18:08:48:848"}
{"message":{"accepted":["dixittarun81@gmail.com"],"rejected":[],"envelopeTime":797,"messageTime":606,"messageSize":8268,"response":"250 Message received","envelope":{"from":"awards@channelier.com","to":["dixittarun81@gmail.com"]},"messageId":"<9a343296-9c51-7d88-1091-99a52234a964@channelier.com>"},"level":"info","timestamp":"2021-06-08 12:20:48:2048"}
{"message":{"accepted":["dixittarun81@gmail.com"],"rejected":[],"envelopeTime":780,"messageTime":662,"messageSize":8275,"response":"250 Message received","envelope":{"from":"awards@channelier.com","to":["dixittarun81@gmail.com"]},"messageId":"<e10a3d49-3d11-ab09-268a-2929b062cc5b@channelier.com>"},"level":"info","timestamp":"2021-06-21 16:20:57:2057"}
{"level":"info","message":{"accepted":["hvk940@gmail.com"],"envelope":{"from":"awards@channelier.com","to":["hvk940@gmail.com"]},"envelopeTime":1771,"messageId":"<284006d0-764b-669c-cc02-e8bd06fa7dc0@channelier.com>","messageSize":8653,"messageTime":1046,"rejected":[],"response":"250 Message received"},"timestamp":"2022-04-11 10:49:07:497"}
{"level":"info","message":{"accepted":["hvk940@gmail.com"],"envelope":{"from":"awards@channelier.com","to":["hvk940@gmail.com"]},"envelopeTime":827,"messageId":"<cdaba405-7f3f-2352-c636-be5efd84e456@channelier.com>","messageSize":8645,"messageTime":1817,"rejected":[],"response":"250 Message received"},"timestamp":"2022-04-11 11:03:50:350"}
{"level":"info","message":{"accepted":["hvk940@gmail.com"],"envelope":{"from":"awards@channelier.com","to":["hvk940@gmail.com"]},"envelopeTime":908,"messageId":"<5e1a2ee6-c98f-3153-1963-e58422baf97f@channelier.com>","messageSize":8653,"messageTime":1970,"rejected":[],"response":"250 Message received"},"timestamp":"2022-04-11 12:07:51:751"}
{"level":"info","message":{"accepted":["hvk940@gmail.com"],"envelope":{"from":"awards@channelier.com","to":["hvk940@gmail.com"]},"envelopeTime":1005,"messageId":"<11a3ddd7-5151-3f10-5292-06917a0e6f7f@channelier.com>","messageSize":8654,"messageTime":614,"rejected":[],"response":"250 Message received"},"timestamp":"2022-04-11 12:11:11:1111"}
{"level":"info","message":{"accepted":["hvk940@gmail.com"],"envelope":{"from":"awards@channelier.com","to":["hvk940@gmail.com"]},"envelopeTime":862,"messageId":"<8e92048c-6a68-9caa-1d8f-0fb49eb0ed6c@channelier.com>","messageSize":8647,"messageTime":458,"rejected":[],"response":"250 Message received"},"timestamp":"2022-04-11 12:50:23:5023"}
{"level":"info","message":{"accepted":["hvk940@gmail.com"],"envelope":{"from":"awards@channelier.com","to":["hvk940@gmail.com"]},"envelopeTime":940,"messageId":"<8d3d2324-1a68-1454-2541-c5999e36b502@channelier.com>","messageSize":8648,"messageTime":658,"rejected":[],"response":"250 Message received"},"timestamp":"2022-04-11 12:52:43:5243"}
{"level":"info","message":{"accepted":["hvk940@gmail.com"],"envelope":{"from":"awards@channelier.com","to":["hvk940@gmail.com"]},"envelopeTime":820,"messageId":"<78e9e466-8d48-7e62-7b65-1f76b6ac8d96@channelier.com>","messageSize":8658,"messageTime":1512,"rejected":[],"response":"250 Message received"},"timestamp":"2022-04-11 13:38:06:386"}
{"level":"info","message":{"accepted":["hvk940@gmail.com"],"envelope":{"from":"awards@channelier.com","to":["hvk940@gmail.com"]},"envelopeTime":800,"messageId":"<3d613b8c-bef9-6660-fb8c-52e2cde5f898@channelier.com>","messageSize":8650,"messageTime":1827,"rejected":[],"response":"250 Message received"},"timestamp":"2022-04-11 18:51:41:5141"}
{"level":"info","message":{"accepted":["rohit@gmail.com"],"envelope":{"from":"awards@channelier.com","to":["rohit@gmail.com"]},"envelopeTime":842,"messageId":"<65810236-6066-be25-9894-5872cb7a26b0@channelier.com>","messageSize":9358,"messageTime":676,"rejected":[],"response":"250 Message received"},"timestamp":"2022-04-12 17:41:58:4158"}
{"level":"error","message":"CheckAuth: JsonWebTokenError: jwt malformed","timestamp":"2022-04-13 19:18:41:1841"}
{"level":"info","message":{"accepted":["hvk940@gmail.com"],"envelope":{"from":"awards@channelier.com","to":["hvk940@gmail.com"]},"envelopeTime":860,"messageId":"<4c1fe408-a900-70f5-42c0-c846faced4e0@channelier.com>","messageSize":8646,"messageTime":1990,"rejected":[],"response":"250 Message received"},"timestamp":"2022-04-15 14:32:07:327"}
{"level":"error","message":"Controller: awardController: postAnswer: ValidationError: scores.0.score: Path `score` is required.","timestamp":"2022-04-15 15:50:05:505"}
{"level":"error","message":"Controller: awardController: postAnswer: ValidationError: scores.0.score: Path `score` is required.","timestamp":"2022-04-15 16:05:05:55"}
{"level":"info","message":{"accepted":["hvk940@gmail.com"],"envelope":{"from":"awards@channelier.com","to":["hvk940@gmail.com"]},"envelopeTime":1693,"messageId":"<ee1ab1b1-fa7b-c18c-2321-8e21e3c14aac@channelier.com>","messageSize":8647,"messageTime":1879,"rejected":[],"response":"250 Message received"},"timestamp":"2022-04-16 03:47:30:4730"}
{"level":"error","message":"Controller: awardController: postAnswer: ValidationError: field: Path `field` is required., questionId: Path `questionId` is required.","timestamp":"2022-04-17 12:23:54:2354"}
{"level":"info","message":{"accepted":["hvk940@gmail.com"],"envelope":{"from":"awards@channelier.com","to":["hvk940@gmail.com"]},"envelopeTime":864,"messageId":"<fadf1285-691a-a9d8-446e-5d162cd43bf6@channelier.com>","messageSize":8646,"messageTime":1980,"rejected":[],"response":"250 Message received"},"timestamp":"2022-04-17 16:13:27:1327"}
{"level":"error","message":"Controller: awardController: postAnswer: ValidationError: field: Path `field` is required., questionId: Path `questionId` is required.","timestamp":"2022-04-17 18:21:21:2121"}
{"level":"error","message":"Controller: awardController: postAnswer: ValidationError: field: Path `field` is required., questionId: Path `questionId` is required.","timestamp":"2022-04-17 18:22:06:226"}
{"level":"error","message":"Controller: awardController: postAnswer: ValidationError: field: Path `field` is required., questionId: Path `questionId` is required.","timestamp":"2022-04-17 18:24:47:2447"}
{"level":"error","message":"Controller: awardController: postAnswer: ValidationError: field: Path `field` is required., questionId: Path `questionId` is required.","timestamp":"2022-04-17 18:26:43:2643"}
{"level":"error","message":"Controller: awardController: postAnswer: ValidationError: field: Path `field` is required., questionId: Path `questionId` is required.","timestamp":"2022-04-17 18:30:50:3050"}
{"level":"error","message":"Controller: awardController: postAnswer: ValidationError: field: Path `field` is required., questionId: Path `questionId` is required.","timestamp":"2022-04-17 18:31:53:3153"}
{"level":"error","message":"Controller: awardController: postAnswer: ValidationError: field: Path `field` is required., questionId: Path `questionId` is required.","timestamp":"2022-04-17 18:32:30:3230"}
{"level":"error","message":"Controller: awardController: postAnswer: ValidationError: field: Path `field` is required., questionId: Path `questionId` is required.","timestamp":"2022-04-17 18:34:26:3426"}
{"level":"error","message":"Controller: awardController: postAnswer: ValidationError: field: Path `field` is required., questionId: Path `questionId` is required.","timestamp":"2022-04-17 18:34:40:3440"}
{"level":"error","message":"Controller: awardController: postAnswer: ValidationError: field: Path `field` is required., questionId: Path `questionId` is required.","timestamp":"2022-04-17 18:35:41:3541"}
{"level":"error","message":"Controller: awardController: postAnswer: ValidationError: field: Path `field` is required., questionId: Path `questionId` is required.","timestamp":"2022-04-17 18:38:41:3841"}
{"level":"error","message":"Controller: awardController: postAnswer: ValidationError: field: Path `field` is required., questionId: Path `questionId` is required.","timestamp":"2022-04-17 18:42:23:4223"}
{"level":"error","message":"Controller: awardController: postAnswer: ValidationError: questionId: Path `questionId` is required.","timestamp":"2022-04-17 18:44:08:448"}
{"level":"error","message":"Controller: awardController: postAnswer: ValidationError: questionId: Path `questionId` is required.","timestamp":"2022-04-17 18:49:12:4912"}
{"level":"error","message":"Controller: awardController: postAnswer: ValidationError: questionId: Path `questionId` is required.","timestamp":"2022-04-17 18:51:32:5132"}
{"level":"error","message":"Controller: awardController: postAnswer: ValidationError: questionId: Path `questionId` is required.","timestamp":"2022-04-17 19:29:05:295"}
{"level":"error","message":"Controller: awardController: postAnswer: ValidationError: questionId: Path `questionId` is required.","timestamp":"2022-04-17 19:48:17:4817"}
{"level":"error","message":"Controller: awardController: postAnswer: ValidationError: questionId: Path `questionId` is required.","timestamp":"2022-04-17 19:54:30:5430"}
{"level":"error","message":"Controller: awardController: postAnswer: ValidationError: questionId: Path `questionId` is required.","timestamp":"2022-04-17 19:58:42:5842"}
{"level":"error","message":"Controller: awardController: postAnswer: ValidationError: questionId: Path `questionId` is required.","timestamp":"2022-04-17 19:59:43:5943"}
{"level":"error","message":"Controller: awardController: postAnswer: ValidationError: questionId: Path `questionId` is required.","timestamp":"2022-04-17 20:00:08:08"}
{"level":"error","message":"Controller: awardController: postAnswer: ValidationError: questionId: Path `questionId` is required.","timestamp":"2022-04-17 20:24:58:2458"}
{"level":"error","message":"Controller: awardController: postAnswer: ValidationError: questionId: Path `questionId` is required.","timestamp":"2022-04-17 20:30:41:3041"}
{"level":"error","message":"Controller: awardController: postAnswer: ValidationError: questionId: Path `questionId` is required.","timestamp":"2022-04-17 21:00:25:025"}
{"level":"error","message":"Controller: awardController: postAnswer: ValidationError: scores.0.score: Path `score` is required.","timestamp":"2022-04-17 21:04:58:458"}
{"level":"error","message":"Controller: awardController: postAnswer: ValidationError: scores.0.score: Path `score` is required.","timestamp":"2022-04-17 21:22:00:220"}
{"level":"error","message":"Controller: awardController: postAnswer: TypeError: Cannot convert undefined or null to object","timestamp":"2022-04-17 21:24:04:244"}
{"level":"error","message":"Controller: awardController: postAnswer: TypeError: Cannot convert undefined or null to object","timestamp":"2022-04-17 21:30:17:3017"}
{"level":"error","message":"Controller: awardController: postAnswer: ValidationError: questionId: Cast to ObjectId failed for value \"\" (type string) at path \"questionId\", field: Path `field` is required.","timestamp":"2022-04-17 21:38:54:3854"}
{"level":"error","message":"Controller: awardController: postAnswer: ValidationError: questionId: Cast to ObjectId failed for value \"\" (type string) at path \"questionId\", field: Path `field` is required.","timestamp":"2022-04-17 21:39:09:399"}
{"level":"error","message":"Controller: awardController: postAnswer: ValidationError: questionId: Cast to ObjectId failed for value \"\" (type string) at path \"questionId\", field: Path `field` is required.","timestamp":"2022-04-17 21:41:25:4125"}
{"level":"info","message":{"accepted":["hvk940@gmail.com"],"envelope":{"from":"awards@channelier.com","to":["hvk940@gmail.com"]},"envelopeTime":921,"messageId":"<2856c578-c581-a5ef-c4dd-20ce108c1313@channelier.com>","messageSize":8646,"messageTime":1126,"rejected":[],"response":"250 Message received"},"timestamp":"2022-04-18 00:52:28:5228"}
{"level":"error","message":"Controller: awardController: postAnswer: ValidationError: questionId: Path `questionId` is required.","timestamp":"2022-04-18 08:41:07:417"}
{"level":"error","message":"Controller: awardController: postAnswer: ValidationError: questionId: Cast to ObjectId failed for value \"\" (type string) at path \"questionId\", field: Path `field` is required.","timestamp":"2022-04-18 08:53:41:5341"}
{"level":"error","message":"Controller: awardController: postAnswer: ValidationError: questionId: Cast to ObjectId failed for value \"\" (type string) at path \"questionId\", field: Path `field` is required.","timestamp":"2022-04-18 08:56:29:5629"}
{"level":"error","message":"Controller: awardController: postAnswer: ValidationError: questionId: Cast to ObjectId failed for value \"\" (type string) at path \"questionId\", field: Path `field` is required.","timestamp":"2022-04-18 08:59:33:5933"}
{"level":"error","message":"Controller: awardController: postAnswer: ValidationError: questionId: Cast to ObjectId failed for value \"\" (type string) at path \"questionId\", field: Path `field` is required.","timestamp":"2022-04-18 09:07:26:726"}
{"level":"info","message":{"accepted":["hvk940@gmail.com"],"envelope":{"from":"awards@channelier.com","to":["hvk940@gmail.com"]},"envelopeTime":1013,"messageId":"<ec1b749e-25c0-115e-39e4-ec8defff1f9a@channelier.com>","messageSize":8646,"messageTime":1026,"rejected":[],"response":"250 Message received"},"timestamp":"2022-04-18 10:07:17:717"}
{"level":"info","message":{"accepted":["hvk940@gmail.com"],"envelope":{"from":"awards@channelier.com","to":["hvk940@gmail.com"]},"envelopeTime":1006,"messageId":"<e5e59815-dbae-a185-36cd-59464df8fee7@channelier.com>","messageSize":8646,"messageTime":1597,"rejected":[],"response":"250 Message received"},"timestamp":"2022-04-18 13:08:56:856"}
{"level":"error","message":"Controller: awardController: postAnswer: Request not valid","timestamp":"2022-04-18 13:20:00:200"}
{"level":"info","message":{"accepted":["hvk940@gmail.com"],"envelope":{"from":"awards@channelier.com","to":["hvk940@gmail.com"]},"envelopeTime":1062,"messageId":"<9657a158-905d-9031-8411-610c19e55c2c@channelier.com>","messageSize":8650,"messageTime":2201,"rejected":[],"response":"250 Message received"},"timestamp":"2022-04-18 14:40:58:4058"}
{"level":"info","message":{"accepted":["hvk940@gmail.com"],"envelope":{"from":"awards@channelier.com","to":["hvk940@gmail.com"]},"envelopeTime":890,"messageId":"<0cbf1b84-32c1-52c3-6187-3815a15bb8e4@channelier.com>","messageSize":8646,"messageTime":346,"rejected":[],"response":"250 Message received"},"timestamp":"2022-04-18 15:02:43:243"}
{"level":"info","message":{"accepted":["hvk940@gmail.com"],"envelope":{"from":"awards@channelier.com","to":["hvk940@gmail.com"]},"envelopeTime":908,"messageId":"<21e7cea9-fb2c-26ae-2dbd-f25bf1df381d@channelier.com>","messageSize":8642,"messageTime":1464,"rejected":[],"response":"250 Message received"},"timestamp":"2022-04-18 15:03:12:312"}
{"level":"info","message":{"accepted":["hvk940@gmail.com"],"envelope":{"from":"awards@channelier.com","to":["hvk940@gmail.com"]},"envelopeTime":862,"messageId":"<da9489fc-5173-b2a7-417f-d94618c15c12@channelier.com>","messageSize":8644,"messageTime":326,"rejected":[],"response":"250 Message received"},"timestamp":"2022-04-18 15:17:35:1735"}
{"level":"info","message":{"accepted":["hvk940@gmail.com"],"envelope":{"from":"awards@channelier.com","to":["hvk940@gmail.com"]},"envelopeTime":969,"messageId":"<050edb2e-af38-8e8b-4445-da03343010ef@channelier.com>","messageSize":8638,"messageTime":1843,"rejected":[],"response":"250 Message received"},"timestamp":"2022-04-18 22:16:48:1648"}
{"level":"info","message":{"accepted":["hvk940@gmail.com"],"envelope":{"from":"awards@channelier.com","to":["hvk940@gmail.com"]},"envelopeTime":978,"messageId":"<1dfd581c-4d93-9bab-c545-26b4790e3240@channelier.com>","messageSize":8646,"messageTime":2297,"rejected":[],"response":"250 Message received"},"timestamp":"2022-04-19 09:29:35:2935"}
{"level":"info","message":{"accepted":["hvk940@gmail.com"],"envelope":{"from":"awards@channelier.com","to":["hvk940@gmail.com"]},"envelopeTime":932,"messageId":"<76454a99-c2ea-a51a-e454-8b518c8f29f8@channelier.com>","messageSize":8646,"messageTime":2381,"rejected":[],"response":"250 Message received"},"timestamp":"2022-04-19 11:53:28:5328"}
{"level":"info","message":{"accepted":["hvk940@gmail.com"],"envelope":{"from":"awards@channelier.com","to":["hvk940@gmail.com"]},"envelopeTime":883,"messageId":"<da6f0edf-ac77-b799-2318-b9aa579b72b4@channelier.com>","messageSize":9357,"messageTime":6384,"rejected":[],"response":"250 Message received"},"timestamp":"2022-04-19 12:12:50:1250"}
{"level":"info","message":{"accepted":["hvk940@gmail.com"],"envelope":{"from":"awards@channelier.com","to":["hvk940@gmail.com"]},"envelopeTime":987,"messageId":"<60a8a4e2-7a45-f93f-e1e7-409dd28c280b@channelier.com>","messageSize":8646,"messageTime":1126,"rejected":[],"response":"250 Message received"},"timestamp":"2022-04-19 15:14:04:144"}
{"level":"info","message":{"accepted":["hvk940@gmail.com"],"envelope":{"from":"awards@channelier.com","to":["hvk940@gmail.com"]},"envelopeTime":974,"messageId":"<31679b7a-b723-1cfa-4348-e8f6e40d85f2@channelier.com>","messageSize":8642,"messageTime":2559,"rejected":[],"response":"250 Message received"},"timestamp":"2022-04-19 15:16:54:1654"}
{"level":"info","message":{"accepted":["hvk940@gmail.com"],"envelope":{"from":"awards@channelier.com","to":["hvk940@gmail.com"]},"envelopeTime":853,"messageId":"<6051b0dc-96ee-acff-e5f5-2b8da1e8a4e4@channelier.com>","messageSize":8640,"messageTime":1587,"rejected":[],"response":"250 Message received"},"timestamp":"2022-04-20 11:53:46:5346"}
{"level":"info","message":{"accepted":["hvk940@gmail.com"],"envelope":{"from":"awards@channelier.com","to":["hvk940@gmail.com"]},"envelopeTime":945,"messageId":"<169b08ee-032b-8bff-6a49-375dc12d1e5f@channelier.com>","messageSize":8650,"messageTime":1434,"rejected":[],"response":"250 Message received"},"timestamp":"2022-04-20 12:29:03:293"}
{"level":"info","message":{"accepted":["hvk940@gmail.com"],"envelope":{"from":"awards@channelier.com","to":["hvk940@gmail.com"]},"envelopeTime":838,"messageId":"<a0347ddf-9c38-f838-756d-8fefb780d5a5@channelier.com>","messageSize":8646,"messageTime":447,"rejected":[],"response":"250 Message received"},"timestamp":"2022-04-20 12:39:22:3922"}
{"level":"info","message":{"accepted":["hvk940@gmail.com"],"envelope":{"from":"awards@channelier.com","to":["hvk940@gmail.com"]},"envelopeTime":794,"messageId":"<a8542476-7bc0-0363-f02d-10dc3a8f3c59@channelier.com>","messageSize":8650,"messageTime":1234,"rejected":[],"response":"250 Message received"},"timestamp":"2022-04-20 13:10:39:1039"}
{"level":"error","message":"Controller: awardController: postAnswer: ValidationError: questionId: Cast to ObjectId failed for value \"\" (type string) at path \"questionId\", field: Path `field` is required.","timestamp":"2022-04-20 13:14:39:1439"}
{"level":"error","message":"Controller: awardController: postAnswer: ValidationError: questionId: Cast to ObjectId failed for value \"\" (type string) at path \"questionId\", field: Path `field` is required.","timestamp":"2022-04-20 13:14:49:1449"}
{"level":"error","message":"Controller: awardController: postAnswer: ValidationError: questionId: Cast to ObjectId failed for value \"\" (type string) at path \"questionId\", field: Path `field` is required.","timestamp":"2022-04-20 13:51:00:510"}
{"level":"info","message":{"accepted":["hvk940@gmail.com"],"envelope":{"from":"awards@channelier.com","to":["hvk940@gmail.com"]},"envelopeTime":979,"messageId":"<7a3b9588-6a78-ec84-92f1-4cca10580326@channelier.com>","messageSize":8650,"messageTime":439,"rejected":[],"response":"250 Message received"},"timestamp":"2022-04-20 14:02:22:222"}
{"level":"error","message":"Controller: awardController: postAnswer: ValidationError: questionId: Cast to ObjectId failed for value \"\" (type string) at path \"questionId\", field: Path `field` is required.","timestamp":"2022-04-20 14:02:57:257"}
{"level":"info","message":{"accepted":["hvk940@gmail.com"],"envelope":{"from":"awards@channelier.com","to":["hvk940@gmail.com"]},"envelopeTime":804,"messageId":"<bc4bbb20-c9a5-3425-1233-efa42053313b@channelier.com>","messageSize":8651,"messageTime":1599,"rejected":[],"response":"250 Message received"},"timestamp":"2022-04-20 14:05:06:56"}
{"level":"error","message":"Controller: awardController: postAnswer: ValidationError: questionId: Cast to ObjectId failed for value \"\" (type string) at path \"questionId\", field: Path `field` is required.","timestamp":"2022-04-20 14:05:51:551"}
{"level":"info","message":{"accepted":["hvk940@gmail.com"],"envelope":{"from":"awards@channelier.com","to":["hvk940@gmail.com"]},"envelopeTime":964,"messageId":"<40207f3f-44e8-4982-829a-51f5897327d5@channelier.com>","messageSize":8644,"messageTime":651,"rejected":[],"response":"250 Message received"},"timestamp":"2022-04-20 14:08:52:852"}
{"level":"error","message":"Controller: awardController: postAnswer: ValidationError: questionId: Cast to ObjectId failed for value \"\" (type string) at path \"questionId\", field: Path `field` is required.","timestamp":"2022-04-20 14:09:22:922"}
{"level":"error","message":"Controller: awardController: postAnswer: ValidationError: questionId: Cast to ObjectId failed for value \"\" (type string) at path \"questionId\", field: Path `field` is required.","timestamp":"2022-04-20 14:10:18:1018"}
{"level":"error","message":"Controller: awardController: postAnswer: ValidationError: questionId: Cast to ObjectId failed for value \"\" (type string) at path \"questionId\", field: Path `field` is required.","timestamp":"2022-04-20 14:10:52:1052"}
{"level":"info","message":{"accepted":["hvk940@gmail.com"],"envelope":{"from":"awards@channelier.com","to":["hvk940@gmail.com"]},"envelopeTime":796,"messageId":"<43d6490d-3f4e-ea44-eece-966f6dc71cef@channelier.com>","messageSize":8645,"messageTime":1098,"rejected":[],"response":"250 Message received"},"timestamp":"2022-04-20 14:13:26:1326"}
{"level":"error","message":"Controller: awardController: postAnswer: ValidationError: questionId: Cast to ObjectId failed for value \"\" (type string) at path \"questionId\", field: Path `field` is required.","timestamp":"2022-04-20 14:13:53:1353"}
{"level":"info","message":{"accepted":["hvk940@gmail.com"],"envelope":{"from":"awards@channelier.com","to":["hvk940@gmail.com"]},"envelopeTime":797,"messageId":"<11782104-2ad7-4de8-8a74-e956709bca50@channelier.com>","messageSize":8651,"messageTime":2152,"rejected":[],"response":"250 Message received"},"timestamp":"2022-04-20 14:34:45:3445"}
{"level":"info","message":{"accepted":["hvk940@gmail.com"],"envelope":{"from":"awards@channelier.com","to":["hvk940@gmail.com"]},"envelopeTime":880,"messageId":"<d7a9bea7-ac3a-fa6d-d756-aef32ef93246@channelier.com>","messageSize":8648,"messageTime":1013,"rejected":[],"response":"250 Message received"},"timestamp":"2022-04-20 14:35:41:3541"}
{"level":"info","message":{"accepted":["hvk940@gmail.com"],"envelope":{"from":"awards@channelier.com","to":["hvk940@gmail.com"]},"envelopeTime":804,"messageId":"<f1ba9ae7-2def-b133-5bd9-187d0a3ddda4@channelier.com>","messageSize":8643,"messageTime":758,"rejected":[],"response":"250 Message received"},"timestamp":"2022-04-20 14:36:38:3638"}
{"level":"info","message":{"accepted":["hvk940@gmail.com"],"envelope":{"from":"awards@channelier.com","to":["hvk940@gmail.com"]},"envelopeTime":940,"messageId":"<fadfa8c4-3c05-2821-0cc0-1ded4da35f2d@channelier.com>","messageSize":8646,"messageTime":475,"rejected":[],"response":"250 Message received"},"timestamp":"2022-04-20 16:04:32:432"}
{"level":"info","message":{"accepted":["hvk940@gmail.com"],"envelope":{"from":"awards@channelier.com","to":["hvk940@gmail.com"]},"envelopeTime":984,"messageId":"<cb327bec-b267-b663-2dde-ec53f3921963@channelier.com>","messageSize":8642,"messageTime":1650,"rejected":[],"response":"250 Message received"},"timestamp":"2022-04-20 17:50:02:502"}
{"level":"info","message":{"accepted":["hvk940@gmail.com"],"envelope":{"from":"awards@channelier.com","to":["hvk940@gmail.com"]},"envelopeTime":870,"messageId":"<c0ae014f-957c-2dee-5598-ad0522040423@channelier.com>","messageSize":8640,"messageTime":1520,"rejected":[],"response":"250 Message received"},"timestamp":"2022-04-20 17:56:07:567"}
{"level":"info","message":{"accepted":["hvk940@gmail.com"],"envelope":{"from":"awards@channelier.com","to":["hvk940@gmail.com"]},"envelopeTime":877,"messageId":"<f6b912e6-58a5-a2da-2e47-466de75ec63a@channelier.com>","messageSize":8644,"messageTime":1157,"rejected":[],"response":"250 Message received"},"timestamp":"2022-04-20 18:01:55:155"}
{"level":"info","message":{"accepted":["hvk940@gmail.com"],"envelope":{"from":"awards@channelier.com","to":["hvk940@gmail.com"]},"envelopeTime":905,"messageId":"<2c12a9ab-43ec-7b60-f54d-b24d0b7c86ff@channelier.com>","messageSize":8646,"messageTime":1461,"rejected":[],"response":"250 Message received"},"timestamp":"2022-04-20 18:24:26:2426"}
{"level":"error","message":"Controller: awardController: postAnswer: Request not valid","timestamp":"2022-04-20 18:25:04:254"}
{"level":"info","message":{"accepted":["hvk940@gmail.com"],"envelope":{"from":"awards@channelier.com","to":["hvk940@gmail.com"]},"envelopeTime":806,"messageId":"<7ad98285-e1d3-0775-c3be-c124ac50126b@channelier.com>","messageSize":8642,"messageTime":2019,"rejected":[],"response":"250 Message received"},"timestamp":"2022-04-21 12:57:26:5726"}
{"level":"info","message":{"accepted":["hvk940@gmail.com"],"envelope":{"from":"awards@channelier.com","to":["hvk940@gmail.com"]},"envelopeTime":797,"messageId":"<46949a06-e158-9182-13d8-d4fb24d18c68@channelier.com>","messageSize":8652,"messageTime":822,"rejected":[],"response":"250 Message received"},"timestamp":"2022-04-21 12:58:46:5846"}
{"level":"info","message":{"accepted":["hvk940@gmail.com"],"envelope":{"from":"awards@channelier.com","to":["hvk940@gmail.com"]},"envelopeTime":1008,"messageId":"<f068f607-8f27-892f-26dc-a0d416b930fa@channelier.com>","messageSize":9346,"messageTime":1124,"rejected":[],"response":"250 Message received"},"timestamp":"2022-04-21 17:51:29:5129"}
{"level":"info","message":{"accepted":["hvk940@gmail.com"],"envelope":{"from":"awards@channelier.com","to":["hvk940@gmail.com"]},"envelopeTime":899,"messageId":"<6f1eb05a-3286-b06e-0f8d-831517dce151@channelier.com>","messageSize":8642,"messageTime":1490,"rejected":[],"response":"250 Message received"},"timestamp":"2022-04-21 23:52:18:5218"}
{"level":"info","message":{"accepted":["hvk940@gmail.com"],"envelope":{"from":"awards@channelier.com","to":["hvk940@gmail.com"]},"envelopeTime":875,"messageId":"<0d41926e-317d-7759-f23e-a7f912c2fa11@channelier.com>","messageSize":8650,"messageTime":398,"rejected":[],"response":"250 Message received"},"timestamp":"2022-04-22 00:04:50:450"}
{"level":"info","message":{"accepted":["hvk940@gmail.com"],"envelope":{"from":"awards@channelier.com","to":["hvk940@gmail.com"]},"envelopeTime":818,"messageId":"<2b05e60b-47ce-719c-3bb8-0195f7f26995@channelier.com>","messageSize":8658,"messageTime":2150,"rejected":[],"response":"250 Message received"},"timestamp":"2022-04-22 00:06:32:632"}
{"level":"info","message":{"accepted":["hvk940@gmail.com"],"envelope":{"from":"awards@channelier.com","to":["hvk940@gmail.com"]},"envelopeTime":847,"messageId":"<51672e6b-f511-d82c-b932-9a77f602c774@channelier.com>","messageSize":8657,"messageTime":435,"rejected":[],"response":"250 Message received"},"timestamp":"2022-04-22 00:11:51:1151"}
{"level":"info","message":{"accepted":["hvk940@gmail.com"],"envelope":{"from":"awards@channelier.com","to":["hvk940@gmail.com"]},"envelopeTime":890,"messageId":"<904acf13-23d9-8536-1d95-a4e6bf427b45@channelier.com>","messageSize":8652,"messageTime":329,"rejected":[],"response":"250 Message received"},"timestamp":"2022-04-22 00:14:42:1442"}
{"level":"info","message":{"accepted":["hvk940@gmail.com"],"envelope":{"from":"awards@channelier.com","to":["hvk940@gmail.com"]},"envelopeTime":803,"messageId":"<5b8640f9-0a84-06dd-2fc9-8e30351089a6@channelier.com>","messageSize":8657,"messageTime":1321,"rejected":[],"response":"250 Message received"},"timestamp":"2022-04-22 00:20:32:2032"}
{"level":"info","message":{"accepted":["hvk940@gmail.comdfs"],"envelope":{"from":"awards@channelier.com","to":["hvk940@gmail.comdfs"]},"envelopeTime":961,"messageId":"<c1019ec1-4580-e2a1-666d-22b0cfe6944b@channelier.com>","messageSize":8652,"messageTime":2970,"rejected":[],"response":"250 Message received"},"timestamp":"2022-04-22 13:28:26:2826"}
{"level":"info","message":{"accepted":["hvk940@gmail.comdfs"],"envelope":{"from":"awards@channelier.com","to":["hvk940@gmail.comdfs"]},"envelopeTime":928,"messageId":"<cabf6bfb-bb31-8f4a-950e-581b16e1c0c6@channelier.com>","messageSize":8651,"messageTime":486,"rejected":[],"response":"250 Message received"},"timestamp":"2022-04-22 13:29:22:2922"}
{"level":"info","message":{"accepted":["hvk940@gmail.comdfs"],"envelope":{"from":"awards@channelier.com","to":["hvk940@gmail.comdfs"]},"envelopeTime":886,"messageId":"<75e189d8-9428-cea0-bd5f-cf43729fa644@channelier.com>","messageSize":8653,"messageTime":474,"rejected":[],"response":"250 Message received"},"timestamp":"2022-04-22 18:20:15:2015"}
{"level":"info","message":{"accepted":["hvk940@gmail.comdfs"],"envelope":{"from":"awards@channelier.com","to":["hvk940@gmail.comdfs"]},"envelopeTime":809,"messageId":"<6b4767d8-08c3-b633-3589-ff87eef1f32b@channelier.com>","messageSize":9349,"messageTime":1388,"rejected":[],"response":"250 Message received"},"timestamp":"2022-04-22 18:24:57:2457"}
{"level":"info","message":{"accepted":["hvk940@gmail.com"],"envelope":{"from":"awards@channelier.com","to":["hvk940@gmail.com"]},"envelopeTime":973,"messageId":"<a126a2c1-3810-11cb-5365-f335818e5ac0@channelier.com>","messageSize":8646,"messageTime":2149,"rejected":[],"response":"250 Message received"},"timestamp":"2022-04-23 01:09:37:937"}
{"level":"info","message":{"accepted":["hvk940@gmail.com"],"envelope":{"from":"awards@channelier.com","to":["hvk940@gmail.com"]},"envelopeTime":804,"messageId":"<70723f32-16d5-6e5f-5224-bbce1e373f9a@channelier.com>","messageSize":8642,"messageTime":1544,"rejected":[],"response":"250 Message received"},"timestamp":"2022-04-24 12:39:27:3927"}
{"level":"error","message":"Controller: adminController: nominationByFlatCategory: MongoError: unknown top level operator: $productCat.status. If you have a field name that starts with a '$' symbol, consider using $getField or $setField.","timestamp":"2022-04-24 14:18:49:1849"}
{"level":"error","message":"Controller: adminController: nominationByFlatCategory: MongoError: unknown top level operator: $productCat.status. If you have a field name that starts with a '$' symbol, consider using $getField or $setField.","timestamp":"2022-04-24 14:19:42:1942"}
{"level":"info","message":{"accepted":["siddheshmane025@gmail.com"],"envelope":{"from":"awards@channelier.com","to":["siddheshmane025@gmail.com"]},"envelopeTime":809,"messageId":"<d8ba44ff-71c7-7ee6-c536-367a0f0ce506@channelier.com>","messageSize":8653,"messageTime":487,"rejected":[],"response":"250 Message received"},"timestamp":"2022-06-30 16:30:18:3018"}
{"level":"info","message":{"accepted":["siddheshmane025@gmail.com"],"envelope":{"from":"awards@channelier.com","to":["siddheshmane025@gmail.com"]},"envelopeTime":761,"messageId":"<b2d36682-f25f-3ce0-9fc5-ee8a90fb2a1c@channelier.com>","messageSize":8667,"messageTime":1694,"rejected":[],"response":"250 Message received"},"timestamp":"2022-06-30 16:32:00:320"}
{"level":"info","message":{"accepted":["siddheshmane025@gmail.com"],"envelope":{"from":"awards@channelier.com","to":["siddheshmane025@gmail.com"]},"envelopeTime":787,"messageId":"<ff8a0298-ed73-7d43-8cc7-10b0c845c162@channelier.com>","messageSize":8663,"messageTime":421,"rejected":[],"response":"250 Message received"},"timestamp":"2022-06-30 16:37:27:3727"}
{"level":"info","message":{"accepted":["siddheshmane025@gmail.com"],"envelope":{"from":"awards@channelier.com","to":["siddheshmane025@gmail.com"]},"envelopeTime":760,"messageId":"<42d751ab-0875-c4c9-ee5d-43a41d587f24@channelier.com>","messageSize":8652,"messageTime":2091,"rejected":[],"response":"250 Message received"},"timestamp":"2022-07-01 11:09:51:951"}
{"level":"info","message":{"accepted":["siddheshmane025@gmail.com"],"envelope":{"from":"awards@channelier.com","to":["siddheshmane025@gmail.com"]},"envelopeTime":775,"messageId":"<79302bcd-e9bd-0f08-8163-7e3c789821ab@channelier.com>","messageSize":8668,"messageTime":1061,"rejected":[],"response":"250 Message received"},"timestamp":"2022-07-01 11:11:53:1153"}
{"level":"info","message":{"accepted":["siddheshmane025@gmail.com"],"envelope":{"from":"awards@channelier.com","to":["siddheshmane025@gmail.com"]},"envelopeTime":930,"messageId":"<8b149b27-77c8-ee62-9cdd-67cb10254ea1@channelier.com>","messageSize":8652,"messageTime":1638,"rejected":[],"response":"250 Message received"},"timestamp":"2022-07-04 21:23:30:2330"}
{"level":"info","message":{"accepted":["ketakibhoir@gmail.com"],"envelope":{"from":"awards@channelier.com","to":["ketakibhoir@gmail.com"]},"envelopeTime":854,"messageId":"<7e37d48e-0d9d-79f1-e7d1-4bc97e8f07f7@channelier.com>","messageSize":8648,"messageTime":2715,"rejected":[],"response":"250 Message received"},"timestamp":"2022-07-04 21:47:00:470"}
{"level":"info","message":{"accepted":["siddheshmane025@gmail.com"],"envelope":{"from":"awards@channelier.com","to":["siddheshmane025@gmail.com"]},"envelopeTime":892,"messageId":"<4faaaded-6375-9c20-7157-03b308049165@channelier.com>","messageSize":8656,"messageTime":631,"rejected":[],"response":"250 Message received"},"timestamp":"2022-07-05 18:47:19:4719"}
{"level":"info","message":{"accepted":["siddheshmane025@gmail.com"],"envelope":{"from":"awards@channelier.com","to":["siddheshmane025@gmail.com"]},"envelopeTime":743,"messageId":"<93bd2017-df70-0b4d-0b3b-e89ce95ecee3@channelier.com>","messageSize":8655,"messageTime":1834,"rejected":[],"response":"250 Message received"},"timestamp":"2022-07-05 22:18:41:1841"}
{"level":"error","message":"Controller: awardController: getAnswerOfNomination: TypeError: Converting circular structure to JSON\n    --> starting at object with constructor 'NativeTopology'\n    |     property 's' -> object with constructor 'Object'\n    |     property 'sessionPool' -> object with constructor 'ServerSessionPool'\n    --- property 'topology' closes the circle","timestamp":"2022-07-19 15:49:51:4951"}
{"level":"error","message":"Controller: awardController: getAnswerOfNomination: TypeError: Converting circular structure to JSON\n    --> starting at object with constructor 'NativeTopology'\n    |     property 's' -> object with constructor 'Object'\n    |     property 'sessionPool' -> object with constructor 'ServerSessionPool'\n    --- property 'topology' closes the circle","timestamp":"2022-07-19 15:49:56:4956"}
{"level":"error","message":"Controller: awardController: getAnswerOfNomination: TypeError: Converting circular structure to JSON\n    --> starting at object with constructor 'NativeTopology'\n    |     property 's' -> object with constructor 'Object'\n    |     property 'sessionPool' -> object with constructor 'ServerSessionPool'\n    --- property 'topology' closes the circle","timestamp":"2022-07-19 15:50:02:502"}
{"level":"error","message":"Controller: awardController: getAnswerOfNomination: TypeError: Converting circular structure to JSON\n    --> starting at object with constructor 'NativeTopology'\n    |     property 's' -> object with constructor 'Object'\n    |     property 'sessionPool' -> object with constructor 'ServerSessionPool'\n    --- property 'topology' closes the circle","timestamp":"2022-07-19 15:50:14:5014"}
{"level":"error","message":"Controller: awardController: getAnswerOfNomination: TypeError: Converting circular structure to JSON\n    --> starting at object with constructor 'NativeTopology'\n    |     property 's' -> object with constructor 'Object'\n    |     property 'sessionPool' -> object with constructor 'ServerSessionPool'\n    --- property 'topology' closes the circle","timestamp":"2022-07-19 15:51:11:5111"}
{"level":"error","message":"Controller: awardController: getAnswerOfNomination: TypeError: Converting circular structure to JSON\n    --> starting at object with constructor 'NativeTopology'\n    |     property 's' -> object with constructor 'Object'\n    |     property 'sessionPool' -> object with constructor 'ServerSessionPool'\n    --- property 'topology' closes the circle","timestamp":"2022-07-19 15:51:27:5127"}
{"level":"info","message":{"accepted":["siddheshmane025@gmail.com"],"envelope":{"from":"awards@channelier.com","to":["siddheshmane025@gmail.com"]},"envelopeTime":797,"messageId":"<76e3af80-73bf-c06c-c027-61760e37bef4@channelier.com>","messageSize":8655,"messageTime":585,"rejected":[],"response":"250 Message received"},"timestamp":"2022-07-21 20:34:00:340"}
{"level":"info","message":{"accepted":["siddheshmane025@gmail.com"],"envelope":{"from":"awards@channelier.com","to":["siddheshmane025@gmail.com"]},"envelopeTime":860,"messageId":"<9cd81bed-f314-5133-09a6-cc4c6acb0861@channelier.com>","messageSize":9366,"messageTime":1267,"rejected":[],"response":"250 Message received"},"timestamp":"2022-07-22 22:12:05:125"}
